2018-09-25 05:27:05 [192.168.195.1][-][-][warning][yii\debug\Module::checkAccess] Access to debugger is denied due to IP address restriction. The requesting IP address is 192.168.195.1
    in /var/www/antarktida/frontend/views/layouts/main.php:80
    in /var/www/antarktida/frontend/controllers/SiteController.php:75
2018-09-25 05:27:05 [192.168.195.1][-][-][warning][yii\debug\Module::checkAccess] Access to debugger is denied due to IP address restriction. The requesting IP address is 192.168.195.1
2018-09-25 05:27:05 [192.168.195.1][-][-][info][application] $_GET = []

$_POST = []

$_FILES = []

$_COOKIE = []

$_SESSION = [
    '__flash' => []
]

$_SERVER = [
    'HTTP_HOST' => 'antarktida.local'
    'HTTP_CONNECTION' => 'keep-alive'
    'HTTP_PRAGMA' => 'no-cache'
    'HTTP_CACHE_CONTROL' => 'no-cache'
    'HTTP_UPGRADE_INSECURE_REQUESTS' => '1'
    'HTTP_USER_AGENT' => 'Mozilla/5.0 (Windows NT 10.0; Win64; x64) AppleWebKit/537.36 (KHTML, like Gecko) Chrome/68.0.3440.106 Safari/537.36'
    'HTTP_ACCEPT' => 'text/html,application/xhtml+xml,application/xml;q=0.9,image/webp,image/apng,*/*;q=0.8'
    'HTTP_ACCEPT_ENCODING' => 'gzip, deflate'
    'HTTP_ACCEPT_LANGUAGE' => 'ru-RU,ru;q=0.9,en-US;q=0.8,en;q=0.7'
    'HTTP_X_COMPRESS' => 'null'
    'PATH' => '/usr/local/sbin:/usr/local/bin:/usr/sbin:/usr/bin:/sbin:/bin'
    'SERVER_SIGNATURE' => '<address>Apache/2.4.7 (Ubuntu) Server at antarktida.local Port 80</address>
'
    'SERVER_SOFTWARE' => 'Apache/2.4.7 (Ubuntu)'
    'SERVER_NAME' => 'antarktida.local'
    'SERVER_ADDR' => '192.168.195.129'
    'SERVER_PORT' => '80'
    'REMOTE_ADDR' => '192.168.195.1'
    'DOCUMENT_ROOT' => '/var/www/antarktida/frontend/web'
    'REQUEST_SCHEME' => 'http'
    'CONTEXT_PREFIX' => ''
    'CONTEXT_DOCUMENT_ROOT' => '/var/www/antarktida/frontend/web'
    'SERVER_ADMIN' => 'webmaster@localhost'
    'SCRIPT_FILENAME' => '/var/www/antarktida/frontend/web/index.php'
    'REMOTE_PORT' => '4281'
    'GATEWAY_INTERFACE' => 'CGI/1.1'
    'SERVER_PROTOCOL' => 'HTTP/1.1'
    'REQUEST_METHOD' => 'GET'
    'QUERY_STRING' => ''
    'REQUEST_URI' => '/'
    'SCRIPT_NAME' => '/index.php'
    'PHP_SELF' => '/index.php'
    'REQUEST_TIME_FLOAT' => 1537853225.436
    'REQUEST_TIME' => 1537853225
]
2018-09-25 05:27:05 [192.168.195.1][-][-][warning][yii\debug\Module::checkAccess] Access to debugger is denied due to IP address restriction. The requesting IP address is 192.168.195.1
    in /var/www/antarktida/frontend/views/layouts/main.php:80
    in /var/www/antarktida/frontend/controllers/SiteController.php:75
2018-09-25 05:27:05 [192.168.195.1][-][-][warning][yii\debug\Module::checkAccess] Access to debugger is denied due to IP address restriction. The requesting IP address is 192.168.195.1
2018-09-25 05:27:05 [192.168.195.1][-][-][info][application] $_GET = []

$_POST = []

$_FILES = []

$_COOKIE = [
    'advanced-frontend' => 'bq0jl6k18obtvkngicglis0vu0'
    '_csrf-frontend' => '94c3e3aa62b8b72157f25bb9cfc1a5485b8fe6f45a2fb7e09a42ebe6e4333f0ca:2:{i:0;s:14:\"_csrf-frontend\";i:1;s:32:\"n9JqrA9LjwSRXgeg2Atu4hxaTKrKK7e9\";}'
]

$_SESSION = [
    '__flash' => []
]

$_SERVER = [
    'HTTP_HOST' => 'antarktida.local'
    'HTTP_CONNECTION' => 'keep-alive'
    'HTTP_USER_AGENT' => 'Mozilla/5.0 (Windows NT 10.0; Win64; x64) AppleWebKit/537.36 (KHTML, like Gecko) Chrome/68.0.3440.106 Safari/537.36'
    'HTTP_ACCEPT' => '*/*'
    'HTTP_ACCEPT_ENCODING' => 'gzip, deflate'
    'HTTP_ACCEPT_LANGUAGE' => 'ru-RU,ru;q=0.9,en-US;q=0.8,en;q=0.7'
    'HTTP_COOKIE' => 'advanced-frontend=bq0jl6k18obtvkngicglis0vu0; _csrf-frontend=94c3e3aa62b8b72157f25bb9cfc1a5485b8fe6f45a2fb7e09a42ebe6e4333f0ca%3A2%3A%7Bi%3A0%3Bs%3A14%3A%22_csrf-frontend%22%3Bi%3A1%3Bs%3A32%3A%22n9JqrA9LjwSRXgeg2Atu4hxaTKrKK7e9%22%3B%7D'
    'PATH' => '/usr/local/sbin:/usr/local/bin:/usr/sbin:/usr/bin:/sbin:/bin'
    'SERVER_SIGNATURE' => '<address>Apache/2.4.7 (Ubuntu) Server at antarktida.local Port 80</address>
'
    'SERVER_SOFTWARE' => 'Apache/2.4.7 (Ubuntu)'
    'SERVER_NAME' => 'antarktida.local'
    'SERVER_ADDR' => '192.168.195.129'
    'SERVER_PORT' => '80'
    'REMOTE_ADDR' => '192.168.195.1'
    'DOCUMENT_ROOT' => '/var/www/antarktida/frontend/web'
    'REQUEST_SCHEME' => 'http'
    'CONTEXT_PREFIX' => ''
    'CONTEXT_DOCUMENT_ROOT' => '/var/www/antarktida/frontend/web'
    'SERVER_ADMIN' => 'webmaster@localhost'
    'SCRIPT_FILENAME' => '/var/www/antarktida/frontend/web/index.php'
    'REMOTE_PORT' => '4283'
    'GATEWAY_INTERFACE' => 'CGI/1.1'
    'SERVER_PROTOCOL' => 'HTTP/1.1'
    'REQUEST_METHOD' => 'GET'
    'QUERY_STRING' => ''
    'REQUEST_URI' => '/'
    'SCRIPT_NAME' => '/index.php'
    'PHP_SELF' => '/index.php'
    'REQUEST_TIME_FLOAT' => 1537853225.841
    'REQUEST_TIME' => 1537853225
]
2018-09-25 05:45:56 [192.168.195.1][-][-][warning][yii\debug\Module::checkAccess] Access to debugger is denied due to IP address restriction. The requesting IP address is 192.168.195.1
    in /var/www/antarktida/frontend/views/layouts/main.php:80
    in /var/www/antarktida/frontend/controllers/SiteController.php:75
2018-09-25 05:45:56 [192.168.195.1][-][-][warning][yii\debug\Module::checkAccess] Access to debugger is denied due to IP address restriction. The requesting IP address is 192.168.195.1
2018-09-25 05:45:56 [192.168.195.1][-][-][info][application] $_GET = []

$_POST = []

$_FILES = []

$_COOKIE = [
    'advanced-frontend' => 'bq0jl6k18obtvkngicglis0vu0'
    '_csrf-frontend' => '94c3e3aa62b8b72157f25bb9cfc1a5485b8fe6f45a2fb7e09a42ebe6e4333f0ca:2:{i:0;s:14:\"_csrf-frontend\";i:1;s:32:\"n9JqrA9LjwSRXgeg2Atu4hxaTKrKK7e9\";}'
]

$_SESSION = [
    '__flash' => []
]

$_SERVER = [
    'HTTP_HOST' => 'antarktida.local'
    'HTTP_CONNECTION' => 'keep-alive'
    'HTTP_PRAGMA' => 'no-cache'
    'HTTP_CACHE_CONTROL' => 'no-cache'
    'HTTP_UPGRADE_INSECURE_REQUESTS' => '1'
    'HTTP_USER_AGENT' => 'Mozilla/5.0 (Windows NT 10.0; Win64; x64) AppleWebKit/537.36 (KHTML, like Gecko) Chrome/68.0.3440.106 Safari/537.36'
    'HTTP_ACCEPT' => 'text/html,application/xhtml+xml,application/xml;q=0.9,image/webp,image/apng,*/*;q=0.8'
    'HTTP_ACCEPT_ENCODING' => 'gzip, deflate'
    'HTTP_ACCEPT_LANGUAGE' => 'ru-RU,ru;q=0.9,en-US;q=0.8,en;q=0.7'
    'HTTP_COOKIE' => 'advanced-frontend=bq0jl6k18obtvkngicglis0vu0; _csrf-frontend=94c3e3aa62b8b72157f25bb9cfc1a5485b8fe6f45a2fb7e09a42ebe6e4333f0ca%3A2%3A%7Bi%3A0%3Bs%3A14%3A%22_csrf-frontend%22%3Bi%3A1%3Bs%3A32%3A%22n9JqrA9LjwSRXgeg2Atu4hxaTKrKK7e9%22%3B%7D'
    'HTTP_X_COMPRESS' => 'null'
    'PATH' => '/usr/local/sbin:/usr/local/bin:/usr/sbin:/usr/bin:/sbin:/bin'
    'SERVER_SIGNATURE' => '<address>Apache/2.4.7 (Ubuntu) Server at antarktida.local Port 80</address>
'
    'SERVER_SOFTWARE' => 'Apache/2.4.7 (Ubuntu)'
    'SERVER_NAME' => 'antarktida.local'
    'SERVER_ADDR' => '192.168.195.129'
    'SERVER_PORT' => '80'
    'REMOTE_ADDR' => '192.168.195.1'
    'DOCUMENT_ROOT' => '/var/www/antarktida/frontend/web'
    'REQUEST_SCHEME' => 'http'
    'CONTEXT_PREFIX' => ''
    'CONTEXT_DOCUMENT_ROOT' => '/var/www/antarktida/frontend/web'
    'SERVER_ADMIN' => 'webmaster@localhost'
    'SCRIPT_FILENAME' => '/var/www/antarktida/frontend/web/index.php'
    'REMOTE_PORT' => '20419'
    'GATEWAY_INTERFACE' => 'CGI/1.1'
    'SERVER_PROTOCOL' => 'HTTP/1.1'
    'REQUEST_METHOD' => 'GET'
    'QUERY_STRING' => ''
    'REQUEST_URI' => '/'
    'SCRIPT_NAME' => '/index.php'
    'PHP_SELF' => '/index.php'
    'REQUEST_TIME_FLOAT' => 1537854356.879
    'REQUEST_TIME' => 1537854356
]
2018-09-25 05:45:57 [192.168.195.1][-][-][warning][yii\debug\Module::checkAccess] Access to debugger is denied due to IP address restriction. The requesting IP address is 192.168.195.1
    in /var/www/antarktida/frontend/views/layouts/main.php:80
    in /var/www/antarktida/frontend/controllers/SiteController.php:75
2018-09-25 05:45:57 [192.168.195.1][-][-][warning][yii\debug\Module::checkAccess] Access to debugger is denied due to IP address restriction. The requesting IP address is 192.168.195.1
2018-09-25 05:45:57 [192.168.195.1][-][-][info][application] $_GET = []

$_POST = []

$_FILES = []

$_COOKIE = [
    'advanced-frontend' => 'bq0jl6k18obtvkngicglis0vu0'
    '_csrf-frontend' => '94c3e3aa62b8b72157f25bb9cfc1a5485b8fe6f45a2fb7e09a42ebe6e4333f0ca:2:{i:0;s:14:\"_csrf-frontend\";i:1;s:32:\"n9JqrA9LjwSRXgeg2Atu4hxaTKrKK7e9\";}'
]

$_SESSION = [
    '__flash' => []
]

$_SERVER = [
    'HTTP_HOST' => 'antarktida.local'
    'HTTP_CONNECTION' => 'keep-alive'
    'HTTP_USER_AGENT' => 'Mozilla/5.0 (Windows NT 10.0; Win64; x64) AppleWebKit/537.36 (KHTML, like Gecko) Chrome/68.0.3440.106 Safari/537.36'
    'HTTP_ACCEPT' => '*/*'
    'HTTP_ACCEPT_ENCODING' => 'gzip, deflate'
    'HTTP_ACCEPT_LANGUAGE' => 'ru-RU,ru;q=0.9,en-US;q=0.8,en;q=0.7'
    'HTTP_COOKIE' => 'advanced-frontend=bq0jl6k18obtvkngicglis0vu0; _csrf-frontend=94c3e3aa62b8b72157f25bb9cfc1a5485b8fe6f45a2fb7e09a42ebe6e4333f0ca%3A2%3A%7Bi%3A0%3Bs%3A14%3A%22_csrf-frontend%22%3Bi%3A1%3Bs%3A32%3A%22n9JqrA9LjwSRXgeg2Atu4hxaTKrKK7e9%22%3B%7D'
    'PATH' => '/usr/local/sbin:/usr/local/bin:/usr/sbin:/usr/bin:/sbin:/bin'
    'SERVER_SIGNATURE' => '<address>Apache/2.4.7 (Ubuntu) Server at antarktida.local Port 80</address>
'
    'SERVER_SOFTWARE' => 'Apache/2.4.7 (Ubuntu)'
    'SERVER_NAME' => 'antarktida.local'
    'SERVER_ADDR' => '192.168.195.129'
    'SERVER_PORT' => '80'
    'REMOTE_ADDR' => '192.168.195.1'
    'DOCUMENT_ROOT' => '/var/www/antarktida/frontend/web'
    'REQUEST_SCHEME' => 'http'
    'CONTEXT_PREFIX' => ''
    'CONTEXT_DOCUMENT_ROOT' => '/var/www/antarktida/frontend/web'
    'SERVER_ADMIN' => 'webmaster@localhost'
    'SCRIPT_FILENAME' => '/var/www/antarktida/frontend/web/index.php'
    'REMOTE_PORT' => '20420'
    'GATEWAY_INTERFACE' => 'CGI/1.1'
    'SERVER_PROTOCOL' => 'HTTP/1.1'
    'REQUEST_METHOD' => 'GET'
    'QUERY_STRING' => ''
    'REQUEST_URI' => '/'
    'SCRIPT_NAME' => '/index.php'
    'PHP_SELF' => '/index.php'
    'REQUEST_TIME_FLOAT' => 1537854357.249
    'REQUEST_TIME' => 1537854357
]
2018-09-25 05:53:50 [192.168.195.1][-][-][warning][yii\debug\Module::checkAccess] Access to debugger is denied due to IP address restriction. The requesting IP address is 192.168.195.1
    in /var/www/antarktida/frontend/views/layouts/main.php:80
    in /var/www/antarktida/frontend/controllers/SiteController.php:75
2018-09-25 05:53:50 [192.168.195.1][-][-][warning][yii\debug\Module::checkAccess] Access to debugger is denied due to IP address restriction. The requesting IP address is 192.168.195.1
2018-09-25 05:53:50 [192.168.195.1][-][-][info][application] $_GET = []

$_POST = []

$_FILES = []

$_COOKIE = [
    'advanced-frontend' => 'bq0jl6k18obtvkngicglis0vu0'
    '_csrf-frontend' => '94c3e3aa62b8b72157f25bb9cfc1a5485b8fe6f45a2fb7e09a42ebe6e4333f0ca:2:{i:0;s:14:\"_csrf-frontend\";i:1;s:32:\"n9JqrA9LjwSRXgeg2Atu4hxaTKrKK7e9\";}'
]

$_SESSION = [
    '__flash' => []
]

$_SERVER = [
    'HTTP_HOST' => 'antarktida.local'
    'HTTP_CONNECTION' => 'keep-alive'
    'HTTP_USER_AGENT' => 'Mozilla/5.0 (Windows NT 10.0; Win64; x64) AppleWebKit/537.36 (KHTML, like Gecko) Chrome/68.0.3440.106 Safari/537.36'
    'HTTP_ACCEPT' => '*/*'
    'HTTP_ACCEPT_ENCODING' => 'gzip, deflate'
    'HTTP_ACCEPT_LANGUAGE' => 'ru-RU,ru;q=0.9,en-US;q=0.8,en;q=0.7'
    'HTTP_COOKIE' => 'advanced-frontend=bq0jl6k18obtvkngicglis0vu0; _csrf-frontend=94c3e3aa62b8b72157f25bb9cfc1a5485b8fe6f45a2fb7e09a42ebe6e4333f0ca%3A2%3A%7Bi%3A0%3Bs%3A14%3A%22_csrf-frontend%22%3Bi%3A1%3Bs%3A32%3A%22n9JqrA9LjwSRXgeg2Atu4hxaTKrKK7e9%22%3B%7D'
    'PATH' => '/usr/local/sbin:/usr/local/bin:/usr/sbin:/usr/bin:/sbin:/bin'
    'SERVER_SIGNATURE' => '<address>Apache/2.4.7 (Ubuntu) Server at antarktida.local Port 80</address>
'
    'SERVER_SOFTWARE' => 'Apache/2.4.7 (Ubuntu)'
    'SERVER_NAME' => 'antarktida.local'
    'SERVER_ADDR' => '192.168.195.129'
    'SERVER_PORT' => '80'
    'REMOTE_ADDR' => '192.168.195.1'
    'DOCUMENT_ROOT' => '/var/www/antarktida/frontend/web'
    'REQUEST_SCHEME' => 'http'
    'CONTEXT_PREFIX' => ''
    'CONTEXT_DOCUMENT_ROOT' => '/var/www/antarktida/frontend/web'
    'SERVER_ADMIN' => 'webmaster@localhost'
    'SCRIPT_FILENAME' => '/var/www/antarktida/frontend/web/index.php'
    'REMOTE_PORT' => '21136'
    'GATEWAY_INTERFACE' => 'CGI/1.1'
    'SERVER_PROTOCOL' => 'HTTP/1.1'
    'REQUEST_METHOD' => 'GET'
    'QUERY_STRING' => ''
    'REQUEST_URI' => '/'
    'SCRIPT_NAME' => '/index.php'
    'PHP_SELF' => '/index.php'
    'REQUEST_TIME_FLOAT' => 1537854830.22
    'REQUEST_TIME' => 1537854830
]
2018-09-25 05:53:51 [192.168.195.1][-][-][warning][yii\debug\Module::checkAccess] Access to debugger is denied due to IP address restriction. The requesting IP address is 192.168.195.1
    in /var/www/antarktida/frontend/views/layouts/main.php:80
    in /var/www/antarktida/frontend/controllers/SiteController.php:75
2018-09-25 05:53:51 [192.168.195.1][-][-][warning][yii\debug\Module::checkAccess] Access to debugger is denied due to IP address restriction. The requesting IP address is 192.168.195.1
2018-09-25 05:53:51 [192.168.195.1][-][-][info][application] $_GET = []

$_POST = []

$_FILES = []

$_COOKIE = [
    'advanced-frontend' => 'bq0jl6k18obtvkngicglis0vu0'
    '_csrf-frontend' => '94c3e3aa62b8b72157f25bb9cfc1a5485b8fe6f45a2fb7e09a42ebe6e4333f0ca:2:{i:0;s:14:\"_csrf-frontend\";i:1;s:32:\"n9JqrA9LjwSRXgeg2Atu4hxaTKrKK7e9\";}'
]

$_SESSION = [
    '__flash' => []
]

$_SERVER = [
    'HTTP_HOST' => 'antarktida.local'
    'HTTP_CONNECTION' => 'keep-alive'
    'HTTP_PRAGMA' => 'no-cache'
    'HTTP_CACHE_CONTROL' => 'no-cache'
    'HTTP_UPGRADE_INSECURE_REQUESTS' => '1'
    'HTTP_USER_AGENT' => 'Mozilla/5.0 (Windows NT 10.0; Win64; x64) AppleWebKit/537.36 (KHTML, like Gecko) Chrome/68.0.3440.106 Safari/537.36'
    'HTTP_ACCEPT' => 'text/html,application/xhtml+xml,application/xml;q=0.9,image/webp,image/apng,*/*;q=0.8'
    'HTTP_ACCEPT_ENCODING' => 'gzip, deflate'
    'HTTP_ACCEPT_LANGUAGE' => 'ru-RU,ru;q=0.9,en-US;q=0.8,en;q=0.7'
    'HTTP_COOKIE' => 'advanced-frontend=bq0jl6k18obtvkngicglis0vu0; _csrf-frontend=94c3e3aa62b8b72157f25bb9cfc1a5485b8fe6f45a2fb7e09a42ebe6e4333f0ca%3A2%3A%7Bi%3A0%3Bs%3A14%3A%22_csrf-frontend%22%3Bi%3A1%3Bs%3A32%3A%22n9JqrA9LjwSRXgeg2Atu4hxaTKrKK7e9%22%3B%7D'
    'HTTP_X_COMPRESS' => 'null'
    'PATH' => '/usr/local/sbin:/usr/local/bin:/usr/sbin:/usr/bin:/sbin:/bin'
    'SERVER_SIGNATURE' => '<address>Apache/2.4.7 (Ubuntu) Server at antarktida.local Port 80</address>
'
    'SERVER_SOFTWARE' => 'Apache/2.4.7 (Ubuntu)'
    'SERVER_NAME' => 'antarktida.local'
    'SERVER_ADDR' => '192.168.195.129'
    'SERVER_PORT' => '80'
    'REMOTE_ADDR' => '192.168.195.1'
    'DOCUMENT_ROOT' => '/var/www/antarktida/frontend/web'
    'REQUEST_SCHEME' => 'http'
    'CONTEXT_PREFIX' => ''
    'CONTEXT_DOCUMENT_ROOT' => '/var/www/antarktida/frontend/web'
    'SERVER_ADMIN' => 'webmaster@localhost'
    'SCRIPT_FILENAME' => '/var/www/antarktida/frontend/web/index.php'
    'REMOTE_PORT' => '21136'
    'GATEWAY_INTERFACE' => 'CGI/1.1'
    'SERVER_PROTOCOL' => 'HTTP/1.1'
    'REQUEST_METHOD' => 'GET'
    'QUERY_STRING' => ''
    'REQUEST_URI' => '/'
    'SCRIPT_NAME' => '/index.php'
    'PHP_SELF' => '/index.php'
    'REQUEST_TIME_FLOAT' => 1537854831.125
    'REQUEST_TIME' => 1537854831
]
2018-09-25 05:53:51 [192.168.195.1][-][-][warning][yii\debug\Module::checkAccess] Access to debugger is denied due to IP address restriction. The requesting IP address is 192.168.195.1
    in /var/www/antarktida/frontend/views/layouts/main.php:80
    in /var/www/antarktida/frontend/controllers/SiteController.php:75
2018-09-25 05:53:51 [192.168.195.1][-][-][warning][yii\debug\Module::checkAccess] Access to debugger is denied due to IP address restriction. The requesting IP address is 192.168.195.1
2018-09-25 05:53:51 [192.168.195.1][-][-][info][application] $_GET = []

$_POST = []

$_FILES = []

$_COOKIE = [
    'advanced-frontend' => 'bq0jl6k18obtvkngicglis0vu0'
    '_csrf-frontend' => '94c3e3aa62b8b72157f25bb9cfc1a5485b8fe6f45a2fb7e09a42ebe6e4333f0ca:2:{i:0;s:14:\"_csrf-frontend\";i:1;s:32:\"n9JqrA9LjwSRXgeg2Atu4hxaTKrKK7e9\";}'
]

$_SESSION = [
    '__flash' => []
]

$_SERVER = [
    'HTTP_HOST' => 'antarktida.local'
    'HTTP_CONNECTION' => 'keep-alive'
    'HTTP_USER_AGENT' => 'Mozilla/5.0 (Windows NT 10.0; Win64; x64) AppleWebKit/537.36 (KHTML, like Gecko) Chrome/68.0.3440.106 Safari/537.36'
    'HTTP_ACCEPT' => '*/*'
    'HTTP_ACCEPT_ENCODING' => 'gzip, deflate'
    'HTTP_ACCEPT_LANGUAGE' => 'ru-RU,ru;q=0.9,en-US;q=0.8,en;q=0.7'
    'HTTP_COOKIE' => 'advanced-frontend=bq0jl6k18obtvkngicglis0vu0; _csrf-frontend=94c3e3aa62b8b72157f25bb9cfc1a5485b8fe6f45a2fb7e09a42ebe6e4333f0ca%3A2%3A%7Bi%3A0%3Bs%3A14%3A%22_csrf-frontend%22%3Bi%3A1%3Bs%3A32%3A%22n9JqrA9LjwSRXgeg2Atu4hxaTKrKK7e9%22%3B%7D'
    'PATH' => '/usr/local/sbin:/usr/local/bin:/usr/sbin:/usr/bin:/sbin:/bin'
    'SERVER_SIGNATURE' => '<address>Apache/2.4.7 (Ubuntu) Server at antarktida.local Port 80</address>
'
    'SERVER_SOFTWARE' => 'Apache/2.4.7 (Ubuntu)'
    'SERVER_NAME' => 'antarktida.local'
    'SERVER_ADDR' => '192.168.195.129'
    'SERVER_PORT' => '80'
    'REMOTE_ADDR' => '192.168.195.1'
    'DOCUMENT_ROOT' => '/var/www/antarktida/frontend/web'
    'REQUEST_SCHEME' => 'http'
    'CONTEXT_PREFIX' => ''
    'CONTEXT_DOCUMENT_ROOT' => '/var/www/antarktida/frontend/web'
    'SERVER_ADMIN' => 'webmaster@localhost'
    'SCRIPT_FILENAME' => '/var/www/antarktida/frontend/web/index.php'
    'REMOTE_PORT' => '21139'
    'GATEWAY_INTERFACE' => 'CGI/1.1'
    'SERVER_PROTOCOL' => 'HTTP/1.1'
    'REQUEST_METHOD' => 'GET'
    'QUERY_STRING' => ''
    'REQUEST_URI' => '/'
    'SCRIPT_NAME' => '/index.php'
    'PHP_SELF' => '/index.php'
    'REQUEST_TIME_FLOAT' => 1537854831.47
    'REQUEST_TIME' => 1537854831
]
